2025-03-06 21:30:17,043 - INFO - Iniciando monitoreo del surtidor 'CHACO' cada 5 minutos
2025-03-06 21:30:18,545 - INFO - Mensaje enviado a Telegram con éxito
2025-03-06 21:30:18,546 - INFO - Extrayendo datos de: http://ec2-3-22-240-207.us-east-2.compute.amazonaws.com/guiasaldos/main/donde/134
2025-03-06 21:30:19,783 - INFO - Mensaje enviado a Telegram con éxito
2025-03-06 21:30:19,784 - INFO - Notificación enviada para CHACO
2025-03-06 21:30:19,784 - INFO - El surtidor CHACO está disponible con 1,730.00 Lts.
2025-03-06 21:30:19,784 - INFO - Esperando 5 minutos para la próxima verificación...
2025-03-06 21:31:03,998 - INFO - Monitoreo detenido por el usuario
2025-03-06 21:49:45,908 - INFO - Iniciando monitoreo del surtidor 'CHACO' cada 5 minutos
2025-03-06 21:49:46,753 - INFO - Mensaje enviado a Telegram con éxito
2025-03-06 21:49:46,753 - INFO - Extrayendo datos de: http://ec2-3-22-240-207.us-east-2.compute.amazonaws.com/guiasaldos/main/donde/134
2025-03-06 21:49:48,018 - INFO - Mensaje enviado a Telegram con éxito
2025-03-06 21:49:48,019 - INFO - Notificación enviada para CHACO
2025-03-06 21:49:48,019 - INFO - El surtidor CHACO está disponible con 1,130.00 Lts.
2025-03-06 21:49:48,019 - INFO - Esperando 5 minutos para la próxima verificación...
2025-03-06 21:50:14,853 - INFO - Monitoreo detenido por el usuario
2025-03-06 21:51:41,944 - INFO - Iniciando monitoreo del surtidor 'LOPEZ' cada 5 minutos
2025-03-06 21:51:42,854 - INFO - Mensaje enviado a Telegram con éxito
2025-03-06 21:51:42,855 - INFO - Extrayendo datos de: http://ec2-3-22-240-207.us-east-2.compute.amazonaws.com/guiasaldos/main/donde/134
2025-03-06 21:51:43,473 - WARNING - No se encontró el surtidor 'LOPEZ'
2025-03-06 21:51:43,473 - INFO - Esperando 5 minutos para la próxima verificación...
2025-03-06 21:56:43,474 - INFO - Extrayendo datos de: http://ec2-3-22-240-207.us-east-2.compute.amazonaws.com/guiasaldos/main/donde/134
2025-03-06 21:56:43,907 - WARNING - No se encontró el surtidor 'LOPEZ'
2025-03-06 21:56:43,907 - INFO - Esperando 5 minutos para la próxima verificación...
2025-03-06 22:01:43,914 - INFO - Extrayendo datos de: http://ec2-3-22-240-207.us-east-2.compute.amazonaws.com/guiasaldos/main/donde/134
2025-03-06 22:01:44,359 - WARNING - No se encontró el surtidor 'LOPEZ'
2025-03-06 22:01:44,359 - INFO - Esperando 5 minutos para la próxima verificación...
2025-03-06 22:06:44,368 - INFO - Extrayendo datos de: http://ec2-3-22-240-207.us-east-2.compute.amazonaws.com/guiasaldos/main/donde/134
2025-03-06 22:06:44,799 - WARNING - No se encontró el surtidor 'LOPEZ'
2025-03-06 22:06:44,800 - INFO - Esperando 5 minutos para la próxima verificación...
2025-03-06 22:11:44,778 - INFO - Extrayendo datos de: http://ec2-3-22-240-207.us-east-2.compute.amazonaws.com/guiasaldos/main/donde/134
2025-03-06 22:11:45,228 - WARNING - No se encontró el surtidor 'LOPEZ'
2025-03-06 22:11:45,228 - INFO - Esperando 5 minutos para la próxima verificación...
2025-03-06 22:16:45,241 - INFO - Extrayendo datos de: http://ec2-3-22-240-207.us-east-2.compute.amazonaws.com/guiasaldos/main/donde/134
2025-03-06 22:16:45,688 - WARNING - No se encontró el surtidor 'LOPEZ'
2025-03-06 22:16:45,688 - INFO - Esperando 5 minutos para la próxima verificación...
2025-03-06 22:21:45,694 - INFO - Extrayendo datos de: http://ec2-3-22-240-207.us-east-2.compute.amazonaws.com/guiasaldos/main/donde/134
2025-03-06 22:21:46,126 - WARNING - No se encontró el surtidor 'LOPEZ'
2025-03-06 22:21:46,126 - INFO - Esperando 5 minutos para la próxima verificación...
2025-03-06 22:46:08,681 - INFO - Extrayendo datos de: http://ec2-3-22-240-207.us-east-2.compute.amazonaws.com/guiasaldos/main/donde/134
2025-03-06 22:46:09,225 - WARNING - No se encontró el surtidor 'LOPEZ'
2025-03-06 22:46:09,225 - INFO - Esperando 5 minutos para la próxima verificación...
2025-03-06 22:51:09,241 - INFO - Extrayendo datos de: http://ec2-3-22-240-207.us-east-2.compute.amazonaws.com/guiasaldos/main/donde/134
2025-03-06 22:51:09,675 - WARNING - No se encontró el surtidor 'LOPEZ'
2025-03-06 22:51:09,675 - INFO - Esperando 5 minutos para la próxima verificación...
2025-03-06 22:56:09,690 - INFO - Extrayendo datos de: http://ec2-3-22-240-207.us-east-2.compute.amazonaws.com/guiasaldos/main/donde/134
2025-03-06 22:56:10,133 - WARNING - No se encontró el surtidor 'LOPEZ'
2025-03-06 22:56:10,133 - INFO - Esperando 5 minutos para la próxima verificación...
2025-03-06 23:01:10,146 - INFO - Extrayendo datos de: http://ec2-3-22-240-207.us-east-2.compute.amazonaws.com/guiasaldos/main/donde/134
2025-03-06 23:01:10,578 - WARNING - No se encontró el surtidor 'LOPEZ'
2025-03-06 23:01:10,578 - INFO - Esperando 5 minutos para la próxima verificación...
2025-03-06 23:06:10,594 - INFO - Extrayendo datos de: http://ec2-3-22-240-207.us-east-2.compute.amazonaws.com/guiasaldos/main/donde/134
2025-03-06 23:06:11,039 - WARNING - No se encontró el surtidor 'LOPEZ'
2025-03-06 23:06:11,039 - INFO - Esperando 5 minutos para la próxima verificación...
2025-03-06 23:11:11,045 - INFO - Extrayendo datos de: http://ec2-3-22-240-207.us-east-2.compute.amazonaws.com/guiasaldos/main/donde/134
2025-03-06 23:11:11,497 - WARNING - No se encontró el surtidor 'LOPEZ'
2025-03-06 23:11:11,497 - INFO - Esperando 5 minutos para la próxima verificación...
2025-03-06 23:16:11,513 - INFO - Extrayendo datos de: http://ec2-3-22-240-207.us-east-2.compute.amazonaws.com/guiasaldos/main/donde/134
2025-03-06 23:16:12,035 - WARNING - No se encontró el surtidor 'LOPEZ'
2025-03-06 23:16:12,036 - INFO - Esperando 5 minutos para la próxima verificación...
2025-03-06 23:21:12,053 - INFO - Extrayendo datos de: http://ec2-3-22-240-207.us-east-2.compute.amazonaws.com/guiasaldos/main/donde/134
2025-03-06 23:21:12,494 - WARNING - No se encontró el surtidor 'LOPEZ'
2025-03-06 23:21:12,494 - INFO - Esperando 5 minutos para la próxima verificación...
2025-03-06 23:26:12,509 - INFO - Extrayendo datos de: http://ec2-3-22-240-207.us-east-2.compute.amazonaws.com/guiasaldos/main/donde/134
2025-03-06 23:26:12,960 - WARNING - No se encontró el surtidor 'LOPEZ'
2025-03-06 23:26:12,960 - INFO - Esperando 5 minutos para la próxima verificación...
2025-03-06 23:31:12,976 - INFO - Extrayendo datos de: http://ec2-3-22-240-207.us-east-2.compute.amazonaws.com/guiasaldos/main/donde/134
2025-03-06 23:31:13,452 - WARNING - No se encontró el surtidor 'LOPEZ'
2025-03-06 23:31:13,452 - INFO - Esperando 5 minutos para la próxima verificación...
2025-03-06 23:36:13,435 - INFO - Extrayendo datos de: http://ec2-3-22-240-207.us-east-2.compute.amazonaws.com/guiasaldos/main/donde/134
2025-03-06 23:36:13,888 - WARNING - No se encontró el surtidor 'LOPEZ'
2025-03-06 23:36:13,889 - INFO - Esperando 5 minutos para la próxima verificación...
2025-03-06 23:41:13,902 - INFO - Extrayendo datos de: http://ec2-3-22-240-207.us-east-2.compute.amazonaws.com/guiasaldos/main/donde/134
2025-03-06 23:41:14,342 - WARNING - No se encontró el surtidor 'LOPEZ'
2025-03-06 23:41:14,342 - INFO - Esperando 5 minutos para la próxima verificación...
2025-03-06 23:46:14,356 - INFO - Extrayendo datos de: http://ec2-3-22-240-207.us-east-2.compute.amazonaws.com/guiasaldos/main/donde/134
2025-03-06 23:46:14,796 - WARNING - No se encontró el surtidor 'LOPEZ'
2025-03-06 23:46:14,796 - INFO - Esperando 5 minutos para la próxima verificación...
2025-03-06 23:51:14,817 - INFO - Extrayendo datos de: http://ec2-3-22-240-207.us-east-2.compute.amazonaws.com/guiasaldos/main/donde/134
2025-03-06 23:51:15,364 - WARNING - No se encontró el surtidor 'LOPEZ'
2025-03-06 23:51:15,364 - INFO - Esperando 5 minutos para la próxima verificación...
2025-03-06 23:56:15,373 - INFO - Extrayendo datos de: http://ec2-3-22-240-207.us-east-2.compute.amazonaws.com/guiasaldos/main/donde/134
2025-03-06 23:56:15,812 - WARNING - No se encontró el surtidor 'LOPEZ'
2025-03-06 23:56:15,812 - INFO - Esperando 5 minutos para la próxima verificación...
2025-03-07 00:01:15,827 - INFO - Extrayendo datos de: http://ec2-3-22-240-207.us-east-2.compute.amazonaws.com/guiasaldos/main/donde/134
2025-03-07 00:01:16,363 - WARNING - No se encontró el surtidor 'LOPEZ'
2025-03-07 00:01:16,363 - INFO - Esperando 5 minutos para la próxima verificación...
2025-03-07 00:06:16,378 - INFO - Extrayendo datos de: http://ec2-3-22-240-207.us-east-2.compute.amazonaws.com/guiasaldos/main/donde/134
2025-03-07 00:06:16,821 - WARNING - No se encontró el surtidor 'LOPEZ'
2025-03-07 00:06:16,821 - INFO - Esperando 5 minutos para la próxima verificación...
2025-03-07 00:11:16,836 - INFO - Extrayendo datos de: http://ec2-3-22-240-207.us-east-2.compute.amazonaws.com/guiasaldos/main/donde/134
2025-03-07 00:11:17,363 - WARNING - No se encontró el surtidor 'LOPEZ'
2025-03-07 00:11:17,363 - INFO - Esperando 5 minutos para la próxima verificación...
2025-03-07 00:16:17,380 - INFO - Extrayendo datos de: http://ec2-3-22-240-207.us-east-2.compute.amazonaws.com/guiasaldos/main/donde/134
2025-03-07 00:16:17,820 - WARNING - No se encontró el surtidor 'LOPEZ'
2025-03-07 00:16:17,820 - INFO - Esperando 5 minutos para la próxima verificación...
2025-03-07 00:21:17,834 - INFO - Extrayendo datos de: http://ec2-3-22-240-207.us-east-2.compute.amazonaws.com/guiasaldos/main/donde/134
2025-03-07 00:21:18,312 - WARNING - No se encontró el surtidor 'LOPEZ'
2025-03-07 00:21:18,313 - INFO - Esperando 5 minutos para la próxima verificación...
2025-03-07 00:26:18,327 - INFO - Extrayendo datos de: http://ec2-3-22-240-207.us-east-2.compute.amazonaws.com/guiasaldos/main/donde/134
2025-03-07 00:26:18,766 - WARNING - No se encontró el surtidor 'LOPEZ'
2025-03-07 00:26:18,766 - INFO - Esperando 5 minutos para la próxima verificación...
2025-03-07 00:31:18,780 - INFO - Extrayendo datos de: http://ec2-3-22-240-207.us-east-2.compute.amazonaws.com/guiasaldos/main/donde/134
2025-03-07 00:31:19,240 - WARNING - No se encontró el surtidor 'LOPEZ'
2025-03-07 00:31:19,240 - INFO - Esperando 5 minutos para la próxima verificación...
2025-03-07 00:36:19,261 - INFO - Extrayendo datos de: http://ec2-3-22-240-207.us-east-2.compute.amazonaws.com/guiasaldos/main/donde/134
2025-03-07 00:36:19,694 - WARNING - No se encontró el surtidor 'LOPEZ'
2025-03-07 00:36:19,695 - INFO - Esperando 5 minutos para la próxima verificación...
2025-03-07 00:41:19,719 - INFO - Extrayendo datos de: http://ec2-3-22-240-207.us-east-2.compute.amazonaws.com/guiasaldos/main/donde/134
2025-03-07 00:41:20,162 - WARNING - No se encontró el surtidor 'LOPEZ'
2025-03-07 00:41:20,162 - INFO - Esperando 5 minutos para la próxima verificación...
2025-03-07 00:46:20,180 - INFO - Extrayendo datos de: http://ec2-3-22-240-207.us-east-2.compute.amazonaws.com/guiasaldos/main/donde/134
2025-03-07 00:46:20,626 - WARNING - No se encontró el surtidor 'LOPEZ'
2025-03-07 00:46:20,626 - INFO - Esperando 5 minutos para la próxima verificación...
2025-03-07 00:51:20,638 - INFO - Extrayendo datos de: http://ec2-3-22-240-207.us-east-2.compute.amazonaws.com/guiasaldos/main/donde/134
2025-03-07 00:51:21,084 - WARNING - No se encontró el surtidor 'LOPEZ'
2025-03-07 00:51:21,084 - INFO - Esperando 5 minutos para la próxima verificación...
2025-03-07 00:56:21,098 - INFO - Extrayendo datos de: http://ec2-3-22-240-207.us-east-2.compute.amazonaws.com/guiasaldos/main/donde/134
2025-03-07 00:56:21,535 - WARNING - No se encontró el surtidor 'LOPEZ'
2025-03-07 00:56:21,535 - INFO - Esperando 5 minutos para la próxima verificación...
2025-03-07 01:01:21,550 - INFO - Extrayendo datos de: http://ec2-3-22-240-207.us-east-2.compute.amazonaws.com/guiasaldos/main/donde/134
2025-03-07 01:01:21,986 - WARNING - No se encontró el surtidor 'LOPEZ'
2025-03-07 01:01:21,987 - INFO - Esperando 5 minutos para la próxima verificación...
2025-03-07 01:06:22,001 - INFO - Extrayendo datos de: http://ec2-3-22-240-207.us-east-2.compute.amazonaws.com/guiasaldos/main/donde/134
2025-03-07 01:06:22,429 - WARNING - No se encontró el surtidor 'LOPEZ'
2025-03-07 01:06:22,429 - INFO - Esperando 5 minutos para la próxima verificación...
2025-03-07 01:11:22,438 - INFO - Extrayendo datos de: http://ec2-3-22-240-207.us-east-2.compute.amazonaws.com/guiasaldos/main/donde/134
2025-03-07 01:11:22,885 - WARNING - No se encontró el surtidor 'LOPEZ'
2025-03-07 01:11:22,886 - INFO - Esperando 5 minutos para la próxima verificación...
2025-03-07 01:16:22,899 - INFO - Extrayendo datos de: http://ec2-3-22-240-207.us-east-2.compute.amazonaws.com/guiasaldos/main/donde/134
2025-03-07 01:16:23,356 - WARNING - No se encontró el surtidor 'LOPEZ'
2025-03-07 01:16:23,356 - INFO - Esperando 5 minutos para la próxima verificación...
2025-03-07 01:21:23,371 - INFO - Extrayendo datos de: http://ec2-3-22-240-207.us-east-2.compute.amazonaws.com/guiasaldos/main/donde/134
2025-03-07 01:21:23,802 - WARNING - No se encontró el surtidor 'LOPEZ'
2025-03-07 01:21:23,802 - INFO - Esperando 5 minutos para la próxima verificación...
2025-03-07 01:26:23,816 - INFO - Extrayendo datos de: http://ec2-3-22-240-207.us-east-2.compute.amazonaws.com/guiasaldos/main/donde/134
2025-03-07 01:26:24,265 - WARNING - No se encontró el surtidor 'LOPEZ'
2025-03-07 01:26:24,265 - INFO - Esperando 5 minutos para la próxima verificación...
2025-03-07 01:31:24,280 - INFO - Extrayendo datos de: http://ec2-3-22-240-207.us-east-2.compute.amazonaws.com/guiasaldos/main/donde/134
2025-03-07 01:31:24,723 - WARNING - No se encontró el surtidor 'LOPEZ'
2025-03-07 01:31:24,723 - INFO - Esperando 5 minutos para la próxima verificación...
2025-03-07 01:36:24,738 - INFO - Extrayendo datos de: http://ec2-3-22-240-207.us-east-2.compute.amazonaws.com/guiasaldos/main/donde/134
2025-03-07 01:36:25,171 - WARNING - No se encontró el surtidor 'LOPEZ'
2025-03-07 01:36:25,171 - INFO - Esperando 5 minutos para la próxima verificación...
2025-03-07 01:41:25,185 - INFO - Extrayendo datos de: http://ec2-3-22-240-207.us-east-2.compute.amazonaws.com/guiasaldos/main/donde/134
2025-03-07 01:41:25,624 - WARNING - No se encontró el surtidor 'LOPEZ'
2025-03-07 01:41:25,624 - INFO - Esperando 5 minutos para la próxima verificación...
2025-03-07 01:46:25,639 - INFO - Extrayendo datos de: http://ec2-3-22-240-207.us-east-2.compute.amazonaws.com/guiasaldos/main/donde/134
2025-03-07 01:46:26,198 - WARNING - No se encontró el surtidor 'LOPEZ'
2025-03-07 01:46:26,198 - INFO - Esperando 5 minutos para la próxima verificación...
2025-03-07 01:51:26,212 - INFO - Extrayendo datos de: http://ec2-3-22-240-207.us-east-2.compute.amazonaws.com/guiasaldos/main/donde/134
2025-03-07 01:51:26,658 - WARNING - No se encontró el surtidor 'LOPEZ'
2025-03-07 01:51:26,659 - INFO - Esperando 5 minutos para la próxima verificación...
2025-03-07 01:56:26,673 - INFO - Extrayendo datos de: http://ec2-3-22-240-207.us-east-2.compute.amazonaws.com/guiasaldos/main/donde/134
2025-03-07 01:56:27,120 - WARNING - No se encontró el surtidor 'LOPEZ'
2025-03-07 01:56:27,120 - INFO - Esperando 5 minutos para la próxima verificación...
2025-03-07 02:01:27,135 - INFO - Extrayendo datos de: http://ec2-3-22-240-207.us-east-2.compute.amazonaws.com/guiasaldos/main/donde/134
2025-03-07 02:01:27,573 - WARNING - No se encontró el surtidor 'LOPEZ'
2025-03-07 02:01:27,573 - INFO - Esperando 5 minutos para la próxima verificación...
2025-03-07 02:06:27,587 - INFO - Extrayendo datos de: http://ec2-3-22-240-207.us-east-2.compute.amazonaws.com/guiasaldos/main/donde/134
2025-03-07 02:06:28,097 - WARNING - No se encontró el surtidor 'LOPEZ'
2025-03-07 02:06:28,097 - INFO - Esperando 5 minutos para la próxima verificación...
2025-03-07 02:11:28,112 - INFO - Extrayendo datos de: http://ec2-3-22-240-207.us-east-2.compute.amazonaws.com/guiasaldos/main/donde/134
2025-03-07 02:11:28,577 - WARNING - No se encontró el surtidor 'LOPEZ'
2025-03-07 02:11:28,577 - INFO - Esperando 5 minutos para la próxima verificación...
2025-03-07 02:16:28,591 - INFO - Extrayendo datos de: http://ec2-3-22-240-207.us-east-2.compute.amazonaws.com/guiasaldos/main/donde/134
2025-03-07 02:16:29,099 - WARNING - No se encontró el surtidor 'LOPEZ'
2025-03-07 02:16:29,099 - INFO - Esperando 5 minutos para la próxima verificación...
2025-03-07 02:21:29,106 - INFO - Extrayendo datos de: http://ec2-3-22-240-207.us-east-2.compute.amazonaws.com/guiasaldos/main/donde/134
2025-03-07 02:21:29,537 - WARNING - No se encontró el surtidor 'LOPEZ'
2025-03-07 02:21:29,537 - INFO - Esperando 5 minutos para la próxima verificación...
2025-03-07 02:26:29,552 - INFO - Extrayendo datos de: http://ec2-3-22-240-207.us-east-2.compute.amazonaws.com/guiasaldos/main/donde/134
2025-03-07 02:26:29,997 - WARNING - No se encontró el surtidor 'LOPEZ'
2025-03-07 02:26:29,997 - INFO - Esperando 5 minutos para la próxima verificación...
2025-03-07 02:31:30,005 - INFO - Extrayendo datos de: http://ec2-3-22-240-207.us-east-2.compute.amazonaws.com/guiasaldos/main/donde/134
2025-03-07 02:31:30,497 - WARNING - No se encontró el surtidor 'LOPEZ'
2025-03-07 02:31:30,497 - INFO - Esperando 5 minutos para la próxima verificación...
2025-03-07 02:36:30,511 - INFO - Extrayendo datos de: http://ec2-3-22-240-207.us-east-2.compute.amazonaws.com/guiasaldos/main/donde/134
2025-03-07 02:36:30,992 - WARNING - No se encontró el surtidor 'LOPEZ'
2025-03-07 02:36:30,992 - INFO - Esperando 5 minutos para la próxima verificación...
2025-03-07 02:41:31,006 - INFO - Extrayendo datos de: http://ec2-3-22-240-207.us-east-2.compute.amazonaws.com/guiasaldos/main/donde/134
2025-03-07 02:41:31,450 - WARNING - No se encontró el surtidor 'LOPEZ'
2025-03-07 02:41:31,451 - INFO - Esperando 5 minutos para la próxima verificación...
2025-03-07 02:46:31,465 - INFO - Extrayendo datos de: http://ec2-3-22-240-207.us-east-2.compute.amazonaws.com/guiasaldos/main/donde/134
2025-03-07 02:46:31,900 - WARNING - No se encontró el surtidor 'LOPEZ'
2025-03-07 02:46:31,900 - INFO - Esperando 5 minutos para la próxima verificación...
2025-03-07 02:51:31,915 - INFO - Extrayendo datos de: http://ec2-3-22-240-207.us-east-2.compute.amazonaws.com/guiasaldos/main/donde/134
2025-03-07 02:51:32,455 - WARNING - No se encontró el surtidor 'LOPEZ'
2025-03-07 02:51:32,455 - INFO - Esperando 5 minutos para la próxima verificación...
2025-03-07 02:56:32,469 - INFO - Extrayendo datos de: http://ec2-3-22-240-207.us-east-2.compute.amazonaws.com/guiasaldos/main/donde/134
2025-03-07 02:56:33,018 - WARNING - No se encontró el surtidor 'LOPEZ'
2025-03-07 02:56:33,018 - INFO - Esperando 5 minutos para la próxima verificación...
2025-03-07 03:01:33,038 - INFO - Extrayendo datos de: http://ec2-3-22-240-207.us-east-2.compute.amazonaws.com/guiasaldos/main/donde/134
2025-03-07 03:01:33,518 - WARNING - No se encontró el surtidor 'LOPEZ'
2025-03-07 03:01:33,518 - INFO - Esperando 5 minutos para la próxima verificación...
2025-03-07 03:06:33,539 - INFO - Extrayendo datos de: http://ec2-3-22-240-207.us-east-2.compute.amazonaws.com/guiasaldos/main/donde/134
2025-03-07 03:06:33,985 - WARNING - No se encontró el surtidor 'LOPEZ'
2025-03-07 03:06:33,985 - INFO - Esperando 5 minutos para la próxima verificación...
2025-03-07 03:11:34,005 - INFO - Extrayendo datos de: http://ec2-3-22-240-207.us-east-2.compute.amazonaws.com/guiasaldos/main/donde/134
2025-03-07 03:11:34,477 - WARNING - No se encontró el surtidor 'LOPEZ'
2025-03-07 03:11:34,477 - INFO - Esperando 5 minutos para la próxima verificación...
2025-03-07 03:16:34,495 - INFO - Extrayendo datos de: http://ec2-3-22-240-207.us-east-2.compute.amazonaws.com/guiasaldos/main/donde/134
2025-03-07 03:16:34,941 - WARNING - No se encontró el surtidor 'LOPEZ'
2025-03-07 03:16:34,941 - INFO - Esperando 5 minutos para la próxima verificación...
2025-03-07 03:21:34,956 - INFO - Extrayendo datos de: http://ec2-3-22-240-207.us-east-2.compute.amazonaws.com/guiasaldos/main/donde/134
2025-03-07 03:21:35,461 - WARNING - No se encontró el surtidor 'LOPEZ'
2025-03-07 03:21:35,461 - INFO - Esperando 5 minutos para la próxima verificación...
2025-03-07 03:26:35,477 - INFO - Extrayendo datos de: http://ec2-3-22-240-207.us-east-2.compute.amazonaws.com/guiasaldos/main/donde/134
2025-03-07 03:26:36,000 - WARNING - No se encontró el surtidor 'LOPEZ'
2025-03-07 03:26:36,000 - INFO - Esperando 5 minutos para la próxima verificación...
2025-03-07 03:31:36,014 - INFO - Extrayendo datos de: http://ec2-3-22-240-207.us-east-2.compute.amazonaws.com/guiasaldos/main/donde/134
2025-03-07 03:31:36,463 - WARNING - No se encontró el surtidor 'LOPEZ'
2025-03-07 03:31:36,463 - INFO - Esperando 5 minutos para la próxima verificación...
2025-03-07 03:36:36,478 - INFO - Extrayendo datos de: http://ec2-3-22-240-207.us-east-2.compute.amazonaws.com/guiasaldos/main/donde/134
2025-03-07 03:36:36,937 - WARNING - No se encontró el surtidor 'LOPEZ'
2025-03-07 03:36:36,938 - INFO - Esperando 5 minutos para la próxima verificación...
2025-03-07 03:41:36,952 - INFO - Extrayendo datos de: http://ec2-3-22-240-207.us-east-2.compute.amazonaws.com/guiasaldos/main/donde/134
2025-03-07 03:41:37,405 - WARNING - No se encontró el surtidor 'LOPEZ'
2025-03-07 03:41:37,405 - INFO - Esperando 5 minutos para la próxima verificación...
2025-03-07 03:46:37,417 - INFO - Extrayendo datos de: http://ec2-3-22-240-207.us-east-2.compute.amazonaws.com/guiasaldos/main/donde/134
2025-03-07 03:46:37,852 - WARNING - No se encontró el surtidor 'LOPEZ'
2025-03-07 03:46:37,852 - INFO - Esperando 5 minutos para la próxima verificación...
2025-03-07 03:51:37,871 - INFO - Extrayendo datos de: http://ec2-3-22-240-207.us-east-2.compute.amazonaws.com/guiasaldos/main/donde/134
2025-03-07 03:51:38,322 - WARNING - No se encontró el surtidor 'LOPEZ'
2025-03-07 03:51:38,323 - INFO - Esperando 5 minutos para la próxima verificación...
2025-03-07 03:56:38,331 - INFO - Extrayendo datos de: http://ec2-3-22-240-207.us-east-2.compute.amazonaws.com/guiasaldos/main/donde/134
2025-03-07 03:56:38,777 - WARNING - No se encontró el surtidor 'LOPEZ'
2025-03-07 03:56:38,777 - INFO - Esperando 5 minutos para la próxima verificación...
2025-03-07 04:01:38,791 - INFO - Extrayendo datos de: http://ec2-3-22-240-207.us-east-2.compute.amazonaws.com/guiasaldos/main/donde/134
2025-03-07 04:01:39,256 - WARNING - No se encontró el surtidor 'LOPEZ'
2025-03-07 04:01:39,256 - INFO - Esperando 5 minutos para la próxima verificación...
2025-03-07 04:06:39,263 - INFO - Extrayendo datos de: http://ec2-3-22-240-207.us-east-2.compute.amazonaws.com/guiasaldos/main/donde/134
2025-03-07 04:06:39,699 - WARNING - No se encontró el surtidor 'LOPEZ'
2025-03-07 04:06:39,700 - INFO - Esperando 5 minutos para la próxima verificación...
2025-03-07 04:11:39,704 - INFO - Extrayendo datos de: http://ec2-3-22-240-207.us-east-2.compute.amazonaws.com/guiasaldos/main/donde/134
2025-03-07 04:11:40,137 - WARNING - No se encontró el surtidor 'LOPEZ'
2025-03-07 04:11:40,137 - INFO - Esperando 5 minutos para la próxima verificación...
2025-03-07 04:16:40,151 - INFO - Extrayendo datos de: http://ec2-3-22-240-207.us-east-2.compute.amazonaws.com/guiasaldos/main/donde/134
2025-03-07 04:16:40,603 - WARNING - No se encontró el surtidor 'LOPEZ'
2025-03-07 04:16:40,604 - INFO - Esperando 5 minutos para la próxima verificación...
2025-03-07 04:21:40,618 - INFO - Extrayendo datos de: http://ec2-3-22-240-207.us-east-2.compute.amazonaws.com/guiasaldos/main/donde/134
2025-03-07 04:21:41,052 - WARNING - No se encontró el surtidor 'LOPEZ'
2025-03-07 04:21:41,053 - INFO - Esperando 5 minutos para la próxima verificación...
2025-03-07 04:26:41,059 - INFO - Extrayendo datos de: http://ec2-3-22-240-207.us-east-2.compute.amazonaws.com/guiasaldos/main/donde/134
2025-03-07 04:26:41,514 - WARNING - No se encontró el surtidor 'LOPEZ'
2025-03-07 04:26:41,514 - INFO - Esperando 5 minutos para la próxima verificación...
2025-03-07 04:31:41,530 - INFO - Extrayendo datos de: http://ec2-3-22-240-207.us-east-2.compute.amazonaws.com/guiasaldos/main/donde/134
2025-03-07 04:31:41,990 - WARNING - No se encontró el surtidor 'LOPEZ'
2025-03-07 04:31:41,991 - INFO - Esperando 5 minutos para la próxima verificación...
2025-03-07 04:36:41,995 - INFO - Extrayendo datos de: http://ec2-3-22-240-207.us-east-2.compute.amazonaws.com/guiasaldos/main/donde/134
2025-03-07 04:36:42,450 - WARNING - No se encontró el surtidor 'LOPEZ'
2025-03-07 04:36:42,450 - INFO - Esperando 5 minutos para la próxima verificación...
2025-03-07 04:41:42,468 - INFO - Extrayendo datos de: http://ec2-3-22-240-207.us-east-2.compute.amazonaws.com/guiasaldos/main/donde/134
2025-03-07 04:41:43,430 - WARNING - No se encontró el surtidor 'LOPEZ'
2025-03-07 04:41:43,430 - INFO - Esperando 5 minutos para la próxima verificación...
2025-03-07 04:46:43,444 - INFO - Extrayendo datos de: http://ec2-3-22-240-207.us-east-2.compute.amazonaws.com/guiasaldos/main/donde/134
2025-03-07 04:46:43,921 - WARNING - No se encontró el surtidor 'LOPEZ'
2025-03-07 04:46:43,922 - INFO - Esperando 5 minutos para la próxima verificación...
2025-03-07 04:51:43,937 - INFO - Extrayendo datos de: http://ec2-3-22-240-207.us-east-2.compute.amazonaws.com/guiasaldos/main/donde/134
2025-03-07 04:51:44,385 - WARNING - No se encontró el surtidor 'LOPEZ'
2025-03-07 04:51:44,385 - INFO - Esperando 5 minutos para la próxima verificación...
2025-03-07 04:56:44,393 - INFO - Extrayendo datos de: http://ec2-3-22-240-207.us-east-2.compute.amazonaws.com/guiasaldos/main/donde/134
2025-03-07 04:56:44,817 - WARNING - No se encontró el surtidor 'LOPEZ'
2025-03-07 04:56:44,818 - INFO - Esperando 5 minutos para la próxima verificación...
2025-03-07 05:01:44,831 - INFO - Extrayendo datos de: http://ec2-3-22-240-207.us-east-2.compute.amazonaws.com/guiasaldos/main/donde/134
2025-03-07 05:01:45,365 - WARNING - No se encontró el surtidor 'LOPEZ'
2025-03-07 05:01:45,365 - INFO - Esperando 5 minutos para la próxima verificación...
2025-03-07 05:06:45,380 - INFO - Extrayendo datos de: http://ec2-3-22-240-207.us-east-2.compute.amazonaws.com/guiasaldos/main/donde/134
2025-03-07 05:06:45,816 - WARNING - No se encontró el surtidor 'LOPEZ'
2025-03-07 05:06:45,817 - INFO - Esperando 5 minutos para la próxima verificación...
2025-03-07 05:11:45,830 - INFO - Extrayendo datos de: http://ec2-3-22-240-207.us-east-2.compute.amazonaws.com/guiasaldos/main/donde/134
2025-03-07 05:11:46,324 - WARNING - No se encontró el surtidor 'LOPEZ'
2025-03-07 05:11:46,324 - INFO - Esperando 5 minutos para la próxima verificación...
2025-03-07 05:16:46,338 - INFO - Extrayendo datos de: http://ec2-3-22-240-207.us-east-2.compute.amazonaws.com/guiasaldos/main/donde/134
2025-03-07 05:16:46,771 - WARNING - No se encontró el surtidor 'LOPEZ'
2025-03-07 05:16:46,771 - INFO - Esperando 5 minutos para la próxima verificación...
2025-03-07 05:21:46,790 - INFO - Extrayendo datos de: http://ec2-3-22-240-207.us-east-2.compute.amazonaws.com/guiasaldos/main/donde/134
2025-03-07 05:21:47,218 - WARNING - No se encontró el surtidor 'LOPEZ'
2025-03-07 05:21:47,218 - INFO - Esperando 5 minutos para la próxima verificación...
2025-03-07 05:26:47,224 - INFO - Extrayendo datos de: http://ec2-3-22-240-207.us-east-2.compute.amazonaws.com/guiasaldos/main/donde/134
2025-03-07 05:26:47,679 - WARNING - No se encontró el surtidor 'LOPEZ'
2025-03-07 05:26:47,680 - INFO - Esperando 5 minutos para la próxima verificación...
2025-03-07 05:31:47,688 - INFO - Extrayendo datos de: http://ec2-3-22-240-207.us-east-2.compute.amazonaws.com/guiasaldos/main/donde/134
2025-03-07 05:31:48,128 - WARNING - No se encontró el surtidor 'LOPEZ'
2025-03-07 05:31:48,128 - INFO - Esperando 5 minutos para la próxima verificación...
2025-03-07 05:36:48,142 - INFO - Extrayendo datos de: http://ec2-3-22-240-207.us-east-2.compute.amazonaws.com/guiasaldos/main/donde/134
2025-03-07 05:36:48,578 - WARNING - No se encontró el surtidor 'LOPEZ'
2025-03-07 05:36:48,578 - INFO - Esperando 5 minutos para la próxima verificación...
2025-03-07 05:41:48,593 - INFO - Extrayendo datos de: http://ec2-3-22-240-207.us-east-2.compute.amazonaws.com/guiasaldos/main/donde/134
2025-03-07 05:41:49,072 - WARNING - No se encontró el surtidor 'LOPEZ'
2025-03-07 05:41:49,073 - INFO - Esperando 5 minutos para la próxima verificación...
2025-03-07 05:46:49,088 - INFO - Extrayendo datos de: http://ec2-3-22-240-207.us-east-2.compute.amazonaws.com/guiasaldos/main/donde/134
2025-03-07 05:46:50,269 - WARNING - No se encontró el surtidor 'LOPEZ'
2025-03-07 05:46:50,270 - INFO - Esperando 5 minutos para la próxima verificación...
2025-03-07 05:51:50,281 - INFO - Extrayendo datos de: http://ec2-3-22-240-207.us-east-2.compute.amazonaws.com/guiasaldos/main/donde/134
2025-03-07 05:51:50,785 - WARNING - No se encontró el surtidor 'LOPEZ'
2025-03-07 05:51:50,785 - INFO - Esperando 5 minutos para la próxima verificación...
2025-03-07 05:56:50,800 - INFO - Extrayendo datos de: http://ec2-3-22-240-207.us-east-2.compute.amazonaws.com/guiasaldos/main/donde/134
2025-03-07 05:56:51,295 - WARNING - No se encontró el surtidor 'LOPEZ'
2025-03-07 05:56:51,295 - INFO - Esperando 5 minutos para la próxima verificación...
2025-03-07 06:01:51,310 - INFO - Extrayendo datos de: http://ec2-3-22-240-207.us-east-2.compute.amazonaws.com/guiasaldos/main/donde/134
2025-03-07 06:01:51,757 - WARNING - No se encontró el surtidor 'LOPEZ'
2025-03-07 06:01:51,757 - INFO - Esperando 5 minutos para la próxima verificación...
2025-03-07 06:06:51,771 - INFO - Extrayendo datos de: http://ec2-3-22-240-207.us-east-2.compute.amazonaws.com/guiasaldos/main/donde/134
2025-03-07 06:06:52,219 - WARNING - No se encontró el surtidor 'LOPEZ'
2025-03-07 06:06:52,219 - INFO - Esperando 5 minutos para la próxima verificación...
2025-03-07 06:11:52,229 - INFO - Extrayendo datos de: http://ec2-3-22-240-207.us-east-2.compute.amazonaws.com/guiasaldos/main/donde/134
2025-03-07 06:11:52,691 - WARNING - No se encontró el surtidor 'LOPEZ'
2025-03-07 06:11:52,691 - INFO - Esperando 5 minutos para la próxima verificación...
2025-03-07 06:16:52,706 - INFO - Extrayendo datos de: http://ec2-3-22-240-207.us-east-2.compute.amazonaws.com/guiasaldos/main/donde/134
2025-03-07 06:16:53,160 - WARNING - No se encontró el surtidor 'LOPEZ'
2025-03-07 06:16:53,160 - INFO - Esperando 5 minutos para la próxima verificación...
2025-03-07 06:21:53,176 - INFO - Extrayendo datos de: http://ec2-3-22-240-207.us-east-2.compute.amazonaws.com/guiasaldos/main/donde/134
2025-03-07 06:21:53,620 - WARNING - No se encontró el surtidor 'LOPEZ'
2025-03-07 06:21:53,620 - INFO - Esperando 5 minutos para la próxima verificación...
2025-03-07 06:26:53,632 - INFO - Extrayendo datos de: http://ec2-3-22-240-207.us-east-2.compute.amazonaws.com/guiasaldos/main/donde/134
2025-03-07 06:26:54,071 - WARNING - No se encontró el surtidor 'LOPEZ'
2025-03-07 06:26:54,072 - INFO - Esperando 5 minutos para la próxima verificación...
2025-03-07 06:31:54,086 - INFO - Extrayendo datos de: http://ec2-3-22-240-207.us-east-2.compute.amazonaws.com/guiasaldos/main/donde/134
2025-03-07 06:31:54,531 - WARNING - No se encontró el surtidor 'LOPEZ'
2025-03-07 06:31:54,532 - INFO - Esperando 5 minutos para la próxima verificación...
2025-03-07 06:36:54,547 - INFO - Extrayendo datos de: http://ec2-3-22-240-207.us-east-2.compute.amazonaws.com/guiasaldos/main/donde/134
2025-03-07 06:36:54,999 - WARNING - No se encontró el surtidor 'LOPEZ'
2025-03-07 06:36:54,999 - INFO - Esperando 5 minutos para la próxima verificación...
2025-03-07 06:41:55,013 - INFO - Extrayendo datos de: http://ec2-3-22-240-207.us-east-2.compute.amazonaws.com/guiasaldos/main/donde/134
2025-03-07 06:41:55,453 - WARNING - No se encontró el surtidor 'LOPEZ'
2025-03-07 06:41:55,454 - INFO - Esperando 5 minutos para la próxima verificación...
2025-03-07 06:46:55,468 - INFO - Extrayendo datos de: http://ec2-3-22-240-207.us-east-2.compute.amazonaws.com/guiasaldos/main/donde/134
2025-03-07 06:46:55,910 - WARNING - No se encontró el surtidor 'LOPEZ'
2025-03-07 06:46:55,910 - INFO - Esperando 5 minutos para la próxima verificación...
2025-03-07 06:51:55,925 - INFO - Extrayendo datos de: http://ec2-3-22-240-207.us-east-2.compute.amazonaws.com/guiasaldos/main/donde/134
2025-03-07 06:51:56,376 - WARNING - No se encontró el surtidor 'LOPEZ'
2025-03-07 06:51:56,376 - INFO - Esperando 5 minutos para la próxima verificación...
2025-03-07 06:56:56,390 - INFO - Extrayendo datos de: http://ec2-3-22-240-207.us-east-2.compute.amazonaws.com/guiasaldos/main/donde/134
2025-03-07 06:56:56,947 - WARNING - No se encontró el surtidor 'LOPEZ'
2025-03-07 06:56:56,947 - INFO - Esperando 5 minutos para la próxima verificación...
2025-03-07 08:20:08,701 - INFO - Extrayendo datos de: http://ec2-3-22-240-207.us-east-2.compute.amazonaws.com/guiasaldos/main/donde/134
2025-03-07 08:20:08,733 - ERROR - Error al realizar la solicitud HTTP: HTTPConnectionPool(host='ec2-3-22-240-207.us-east-2.compute.amazonaws.com', port=80): Max retries exceeded with url: /guiasaldos/main/donde/134 (Caused by NameResolutionError("<urllib3.connection.HTTPConnection object at 0x102233690>: Failed to resolve 'ec2-3-22-240-207.us-east-2.compute.amazonaws.com' ([Errno 8] nodename nor servname provided, or not known)"))
2025-03-07 08:20:08,733 - WARNING - No se pudieron obtener datos de estaciones
2025-03-07 08:20:08,734 - INFO - Esperando 5 minutos para la próxima verificación...
2025-03-16 17:25:47,750 - INFO - Iniciando monitoreo del surtidor 'ALEMANA' cada 5 minutos
2025-03-16 17:25:48,687 - INFO - Mensaje enviado a Telegram con éxito
2025-03-16 17:25:48,688 - INFO - Realizando verificación inicial (sin enviar alertas)...
2025-03-16 17:25:48,688 - INFO - Extrayendo datos de: http://ec2-3-22-240-207.us-east-2.compute.amazonaws.com/guiasaldos/main/donde/134
2025-03-16 17:25:49,109 - WARNING - No se encontró el surtidor 'ALEMANA'
2025-03-16 17:25:49,110 - INFO - Esperando 5 minutos para la próxima verificación...
2025-03-16 17:29:13,174 - INFO - Monitoreo detenido por el usuario
2025-03-16 17:32:07,779 - INFO - Surtidores a monitorear: ['LOPEZ', 'ALEMANIA']
2025-03-16 17:32:07,779 - INFO - Iniciando monitoreo de los surtidores: LOPEZ, ALEMANIA cada 5 minutos
2025-03-16 17:32:08,596 - INFO - Mensaje enviado a Telegram con éxito
2025-03-16 17:32:08,596 - INFO - Realizando verificación inicial (sin enviar alertas)...
2025-03-16 17:32:08,596 - INFO - Extrayendo datos de: http://ec2-3-22-240-207.us-east-2.compute.amazonaws.com/guiasaldos/main/donde/134
2025-03-16 17:32:09,027 - INFO - El surtidor LOPEZ está disponible con 21,277.00 Lts.
2025-03-16 17:32:09,028 - INFO - Extrayendo datos de: http://ec2-3-22-240-207.us-east-2.compute.amazonaws.com/guiasaldos/main/donde/134
2025-03-16 17:32:09,463 - WARNING - No se encontró el surtidor 'ALEMANIA'
2025-03-16 17:32:09,464 - INFO - Esperando 5 minutos para la próxima verificación...
2025-03-16 17:37:09,457 - INFO - Realizando verificación periódica...
2025-03-16 17:37:09,460 - INFO - Extrayendo datos de: http://ec2-3-22-240-207.us-east-2.compute.amazonaws.com/guiasaldos/main/donde/134
2025-03-16 17:37:09,926 - INFO - El surtidor LOPEZ está disponible con 20,321.00 Lts.
2025-03-16 17:37:09,926 - INFO - Extrayendo datos de: http://ec2-3-22-240-207.us-east-2.compute.amazonaws.com/guiasaldos/main/donde/134
2025-03-16 17:37:10,376 - WARNING - No se encontró el surtidor 'ALEMANIA'
2025-03-16 17:37:10,376 - INFO - Esperando 5 minutos para la próxima verificación...
2025-03-16 17:42:10,385 - INFO - Realizando verificación periódica...
2025-03-16 17:42:10,388 - INFO - Extrayendo datos de: http://ec2-3-22-240-207.us-east-2.compute.amazonaws.com/guiasaldos/main/donde/134
2025-03-16 17:42:10,841 - INFO - El surtidor LOPEZ está disponible con 20,321.00 Lts.
2025-03-16 17:42:10,842 - INFO - Extrayendo datos de: http://ec2-3-22-240-207.us-east-2.compute.amazonaws.com/guiasaldos/main/donde/134
2025-03-16 17:42:11,267 - WARNING - No se encontró el surtidor 'ALEMANIA'
2025-03-16 17:42:11,267 - INFO - Esperando 5 minutos para la próxima verificación...
2025-03-16 17:47:06,971 - INFO - Monitoreo detenido por el usuario
2025-03-16 17:47:10,963 - INFO - Surtidores a monitorear: ['LOPEZ', 'ALEMANIA']
2025-03-16 17:47:10,963 - INFO - Biopetrol Monitor v1.0.0 iniciado
2025-03-16 17:47:10,963 - INFO - Iniciando monitoreo de los surtidores: LOPEZ, ALEMANIA cada 5 minutos
2025-03-16 17:47:11,759 - INFO - Mensaje enviado a Telegram con éxito
2025-03-16 17:47:11,760 - INFO - Realizando verificación inicial (sin enviar alertas)...
2025-03-16 17:47:11,761 - INFO - Extrayendo datos de: http://ec2-3-22-240-207.us-east-2.compute.amazonaws.com/guiasaldos/main/donde/134
2025-03-16 17:47:12,197 - INFO - El surtidor LOPEZ está disponible con 20,321.00 Lts.
2025-03-16 17:47:12,197 - INFO - Extrayendo datos de: http://ec2-3-22-240-207.us-east-2.compute.amazonaws.com/guiasaldos/main/donde/134
2025-03-16 17:47:12,631 - WARNING - No se encontró el surtidor 'ALEMANIA'
2025-03-16 17:47:12,631 - INFO - Esperando 5 minutos para la próxima verificación...
2025-03-16 17:48:08,164 - INFO - Monitoreo detenido por el usuario
2025-03-16 17:50:42,769 - INFO - Realizando llamada telefónica (intento 1/3)
2025-03-16 17:50:42,769 - WARNING - Línea ocupada. Reintentando en 60 segundos...
2025-03-16 17:50:42,770 - INFO - Realizando llamada telefónica (intento 2/3)
2025-03-16 17:50:42,770 - INFO - Llamada telefónica realizada con éxito
2025-03-16 17:50:42,770 - INFO - Realizando llamada telefónica (intento 1/3)
2025-03-16 17:50:42,770 - INFO - Llamada telefónica realizada con éxito
2025-03-16 18:00:50,865 - INFO - Surtidores a monitorear: ['LOPEZ', 'ALEMANIA']
2025-03-16 18:00:50,866 - INFO - Biopetrol Monitor v1.0.0 iniciado
2025-03-16 18:00:50,866 - INFO - Iniciando monitoreo de los surtidores: LOPEZ, ALEMANIA cada 5 minutos
2025-03-16 18:00:51,685 - INFO - Mensaje enviado a Telegram con éxito
2025-03-16 18:00:51,685 - INFO - Realizando verificación inicial (sin enviar alertas)...
2025-03-16 18:00:51,685 - INFO - Extrayendo datos de: http://ec2-3-22-240-207.us-east-2.compute.amazonaws.com/guiasaldos/main/donde/134
2025-03-16 18:00:52,116 - INFO - El surtidor LOPEZ está disponible con 19,303.00 Lts.
2025-03-16 18:00:52,116 - INFO - Extrayendo datos de: http://ec2-3-22-240-207.us-east-2.compute.amazonaws.com/guiasaldos/main/donde/134
2025-03-16 18:00:52,566 - WARNING - No se encontró el surtidor 'ALEMANIA'
2025-03-16 18:00:52,566 - INFO - Esperando 5 minutos para la próxima verificación...
2025-03-16 18:01:03,591 - INFO - Monitoreo detenido por el usuario
